<?xml version="1.0" encoding="UTF-8"?>
<testng-results skipped="0" failed="0" ignored="0" total="1" passed="1">
  <reporter-output>
  </reporter-output>
  <suite name="Default suite" duration-ms="107" started-at="2023-03-24T13:26:27 IST" finished-at="2023-03-24T13:26:27 IST">
    <groups>
    </groups>
    <test name="Default test" duration-ms="107" started-at="2023-03-24T13:26:27 IST" finished-at="2023-03-24T13:26:27 IST">
      <class name="practice.Add">
        <test-method status="PASS" signature="add()[pri:0, instance:practice.Add@121e813]" name="add" duration-ms="23" started-at="2023-03-24T13:26:27 IST" finished-at="2023-03-24T13:26:27 IST">
          <reporter-output>
          </reporter-output>
        </test-method> <!-- add -->
      </class> <!-- practice.Add -->
    </test> <!-- Default test -->
  </suite> <!-- Default suite -->
</testng-results>
