<?xml version="1.0" encoding="UTF-8"?>
<testng-results skipped="0" failed="0" ignored="0" total="1" passed="1">
  <reporter-output>
  </reporter-output>
  <suite name="Default suite" duration-ms="359" started-at="2023-03-21T20:03:59 IST" finished-at="2023-03-21T20:03:59 IST">
    <groups>
    </groups>
    <test name="Default test" duration-ms="359" started-at="2023-03-21T20:03:59 IST" finished-at="2023-03-21T20:03:59 IST">
      <class name="practice.Demo">
        <test-method status="PASS" signature="sample()[pri:0, instance:practice.Demo@121e813]" name="sample" duration-ms="93" started-at="2023-03-21T20:03:59 IST" finished-at="2023-03-21T20:03:59 IST">
          <reporter-output>
          </reporter-output>
        </test-method> <!-- sample -->
      </class> <!-- practice.Demo -->
    </test> <!-- Default test -->
  </suite> <!-- Default suite -->
</testng-results>
